::1 - - [14/Mar/2023:14:21:22 +0000] "POST /auth/register HTTP/1.1" 404 110 "-" "PostmanRuntime/7.31.1"
::1 - - [14/Mar/2023:14:26:22 +0000] "POST /auth/register HTTP/1.1" 200 185 "-" "PostmanRuntime/7.31.1"
::1 - - [14/Mar/2023:14:28:05 +0000] "POST /auth/login HTTP/1.1" 404 110 "-" "PostmanRuntime/7.31.1"
::1 - - [14/Mar/2023:14:29:22 +0000] "POST /auth/login HTTP/1.1" 200 2 "-" "PostmanRuntime/7.31.1"
::1 - - [14/Mar/2023:14:52:05 +0000] "POST /auth/login HTTP/1.1" 200 2 "-" "PostmanRuntime/7.31.1"
::1 - - [14/Mar/2023:14:53:51 +0000] "POST /auth/login HTTP/1.1" 200 246 "-" "PostmanRuntime/7.31.1"
::1 - - [14/Mar/2023:14:58:14 +0000] "PATCH /auth/update HTTP/1.1" 404 110 "-" "PostmanRuntime/7.31.1"
::1 - - [14/Mar/2023:14:59:26 +0000] "PATCH /auth/update HTTP/1.1" 200 4 "-" "PostmanRuntime/7.31.1"
::1 - - [14/Mar/2023:15:02:11 +0000] "PATCH /auth/update HTTP/1.1" 200 4 "-" "PostmanRuntime/7.31.1"
::1 - - [14/Mar/2023:15:03:07 +0000] "PATCH /auth/update HTTP/1.1" 200 420 "-" "PostmanRuntime/7.31.1"
::1 - - [14/Mar/2023:21:38:19 +0000] "POST /pizza HTTP/1.1" 400 128 "-" "PostmanRuntime/7.31.1"
::1 - - [14/Mar/2023:21:38:32 +0000] "POST /auth/login HTTP/1.1" 200 246 "-" "PostmanRuntime/7.31.1"
::1 - - [14/Mar/2023:21:40:49 +0000] "POST /pizza HTTP/1.1" 401 152 "-" "PostmanRuntime/7.31.1"
::1 - - [14/Mar/2023:21:45:30 +0000] "POST /auth/register HTTP/1.1" 200 196 "-" "PostmanRuntime/7.31.1"
::1 - - [14/Mar/2023:21:45:38 +0000] "POST /auth/login-admin HTTP/1.1" 200 272 "-" "PostmanRuntime/7.31.1"
::1 - - [14/Mar/2023:21:46:19 +0000] "POST /pizza HTTP/1.1" - - "-" "PostmanRuntime/7.31.1"
::1 - - [14/Mar/2023:21:47:34 +0000] "POST /pizza HTTP/1.1" - - "-" "PostmanRuntime/7.31.1"
::1 - - [14/Mar/2023:21:49:29 +0000] "POST /pizza HTTP/1.1" - - "-" "PostmanRuntime/7.31.1"
::1 - - [14/Mar/2023:21:50:37 +0000] "POST /pizza HTTP/1.1" - - "-" "PostmanRuntime/7.31.1"
::1 - - [14/Mar/2023:21:54:40 +0000] "POST /pizza HTTP/1.1" 200 224 "-" "PostmanRuntime/7.31.1"
::1 - - [14/Mar/2023:21:55:27 +0000] "POST /pizza HTTP/1.1" 200 223 "-" "PostmanRuntime/7.31.1"
::1 - - [14/Mar/2023:21:56:01 +0000] "POST /pizza HTTP/1.1" 200 224 "-" "PostmanRuntime/7.31.1"
::1 - - [14/Mar/2023:21:56:42 +0000] "POST /pizza HTTP/1.1" 200 223 "-" "PostmanRuntime/7.31.1"
::1 - - [14/Mar/2023:21:57:14 +0000] "POST /pizza HTTP/1.1" 200 224 "-" "PostmanRuntime/7.31.1"
::1 - - [14/Mar/2023:22:12:10 +0000] "PATCH /pizza/update/6410edbaad5c4928fa9ab781 HTTP/1.1" 200 224 "-" "PostmanRuntime/7.31.1"
::1 - - [14/Mar/2023:22:12:19 +0000] "PATCH /pizza/update/6410edbaad5c4928fa9ab781 HTTP/1.1" 200 224 "-" "PostmanRuntime/7.31.1"
::1 - - [14/Mar/2023:22:13:12 +0000] "PATCH /pizza/update/6410edbaad5c4928fa9ab781 HTTP/1.1" 200 224 "-" "PostmanRuntime/7.31.1"
::1 - - [14/Mar/2023:22:19:57 +0000] "PATCH /pizza/update/6410edbaad5c4928fa9ab781 HTTP/1.1" 200 224 "-" "PostmanRuntime/7.31.1"
::1 - - [14/Mar/2023:22:20:41 +0000] "POST /auth/login HTTP/1.1" 200 1368 "-" "PostmanRuntime/7.31.1"
::1 - - [15/Mar/2023:08:46:19 +0000] "POST /auth/place-order HTTP/1.1" 200 4 "-" "PostmanRuntime/7.31.1"
::1 - - [15/Mar/2023:08:52:56 +0000] "POST /auth/place-order HTTP/1.1" 200 27 "-" "PostmanRuntime/7.31.1"
::1 - - [15/Mar/2023:09:23:05 +0000] "POST /auth/place-order HTTP/1.1" 200 27 "-" "PostmanRuntime/7.31.1"
::1 - - [15/Mar/2023:09:32:19 +0000] "POST /auth/place-order HTTP/1.1" 200 27 "-" "PostmanRuntime/7.31.1"
::1 - - [15/Mar/2023:09:35:53 +0000] "POST /auth/place-order HTTP/1.1" 200 27 "-" "PostmanRuntime/7.31.1"
::1 - - [15/Mar/2023:09:36:33 +0000] "POST /auth/pay HTTP/1.1" 200 4 "-" "PostmanRuntime/7.31.1"
::1 - - [15/Mar/2023:09:39:06 +0000] "POST /auth/pay HTTP/1.1" 200 4 "-" "PostmanRuntime/7.31.1"
::1 - - [15/Mar/2023:09:41:32 +0000] "POST /auth/pay HTTP/1.1" 200 4 "-" "PostmanRuntime/7.31.1"
::1 - - [15/Mar/2023:10:04:32 +0000] "POST /auth/pay HTTP/1.1" 200 4 "-" "PostmanRuntime/7.31.1"
::1 - - [15/Mar/2023:10:54:53 +0000] "POST /auth/pay HTTP/1.1" 200 152 "-" "PostmanRuntime/7.31.1"
::1 - - [15/Mar/2023:11:02:59 +0000] "POST /auth/pay HTTP/1.1" 200 73 "-" "PostmanRuntime/7.31.1"
::1 - - [15/Mar/2023:11:07:58 +0000] "POST /auth/pay HTTP/1.1" 200 73 "-" "PostmanRuntime/7.31.1"
::1 - - [15/Mar/2023:11:20:22 +0000] "POST /auth/place-order HTTP/1.1" 200 27 "-" "PostmanRuntime/7.31.1"
::1 - - [15/Mar/2023:11:20:32 +0000] "POST /auth/pay HTTP/1.1" 200 4 "-" "PostmanRuntime/7.31.1"
::1 - - [15/Mar/2023:11:25:19 +0000] "POST /auth/pay HTTP/1.1" 200 4 "-" "PostmanRuntime/7.31.1"
::1 - - [15/Mar/2023:11:25:56 +0000] "POST /auth/pay HTTP/1.1" 200 4 "-" "PostmanRuntime/7.31.1"
::1 - - [15/Mar/2023:12:55:05 +0000] "POST /auth/register HTTP/1.1" 200 196 "-" "PostmanRuntime/7.31.1"
::1 - - [15/Mar/2023:12:56:42 +0000] "POST /auth/login HTTP/1.1" 200 246 "-" "PostmanRuntime/7.31.1"
::1 - - [15/Mar/2023:12:57:47 +0000] "PATCH /auth/update HTTP/1.1" 200 431 "-" "PostmanRuntime/7.31.1"
::1 - - [15/Mar/2023:12:58:05 +0000] "PATCH /auth/update HTTP/1.1" 200 431 "-" "PostmanRuntime/7.31.1"
::1 - - [15/Mar/2023:12:58:28 +0000] "PATCH /auth/update HTTP/1.1" 200 431 "-" "PostmanRuntime/7.31.1"
::1 - - [18/Mar/2023:22:14:05 +0000] "PATCH /auth/update HTTP/1.1" 401 124 "-" "PostmanRuntime/7.31.1"
::1 - - [18/Mar/2023:22:14:18 +0000] "POST /auth/login HTTP/1.1" 200 246 "-" "PostmanRuntime/7.31.1"
::1 - - [18/Mar/2023:22:14:44 +0000] "PATCH /auth/update HTTP/1.1" 200 431 "-" "PostmanRuntime/7.31.1"
::1 - - [18/Mar/2023:22:18:04 +0000] "POST /auth/login-admin HTTP/1.1" 200 272 "-" "PostmanRuntime/7.31.1"
::1 - - [18/Mar/2023:22:20:46 +0000] "POST /auth/pay HTTP/1.1" 200 4 "-" "PostmanRuntime/7.31.1"
::1 - - [18/Mar/2023:22:22:54 +0000] "POST /auth/pay HTTP/1.1" 200 4 "-" "PostmanRuntime/7.31.1"
::1 - - [18/Mar/2023:22:27:19 +0000] "POST /pizza HTTP/1.1" 200 222 "-" "PostmanRuntime/7.31.1"
::1 - - [18/Mar/2023:22:32:28 +0000] "GET /auth/ HTTP/1.1" 404 110 "-" "PostmanRuntime/7.31.1"
::1 - - [18/Mar/2023:22:32:55 +0000] "POST /pizza HTTP/1.1" 200 222 "-" "PostmanRuntime/7.31.1"
::1 - - [18/Mar/2023:22:52:55 +0000] "GET /auth/ HTTP/1.1" 200 876 "-" "PostmanRuntime/7.31.1"
::1 - - [18/Mar/2023:22:57:07 +0000] "GET /auth/ HTTP/1.1" 200 876 "-" "PostmanRuntime/7.31.1"
::1 - - [18/Mar/2023:22:57:49 +0000] "GET /auth/ HTTP/1.1" 200 405 "-" "PostmanRuntime/7.31.1"
::1 - - [18/Mar/2023:23:05:37 +0000] "PATCH /pizza/update/6410ed70ad5c4928fa9ab77d HTTP/1.1" 200 222 "-" "PostmanRuntime/7.31.1"
::1 - - [18/Mar/2023:23:06:45 +0000] "GET /pizza HTTP/1.1" 200 1346 "-" "PostmanRuntime/7.31.1"
::1 - - [18/Mar/2023:23:10:36 +0000] "POST /auth/place-order HTTP/1.1" 200 63 "-" "PostmanRuntime/7.31.1"
::1 - - [18/Mar/2023:23:11:07 +0000] "POST /auth/pay HTTP/1.1" 200 73 "-" "PostmanRuntime/7.31.1"
::1 - - [09/Aug/2023:07:37:34 +0000] "POST /auth/register HTTP/1.1" 200 2 "-" "PostmanRuntime/7.32.3"
::1 - - [09/Aug/2023:07:39:20 +0000] "POST /auth/register HTTP/1.1" 200 26 "-" "PostmanRuntime/7.32.3"
::1 - - [09/Aug/2023:07:44:26 +0000] "POST /auth/register HTTP/1.1" 200 26 "-" "PostmanRuntime/7.32.3"
::1 - - [09/Aug/2023:07:46:24 +0000] "POST /auth/register HTTP/1.1" 200 26 "-" "PostmanRuntime/7.32.3"
::1 - - [09/Aug/2023:07:47:32 +0000] "POST /auth/register HTTP/1.1" 200 26 "-" "PostmanRuntime/7.32.3"
::1 - - [09/Aug/2023:07:47:38 +0000] "POST /auth/register HTTP/1.1" 200 26 "-" "PostmanRuntime/7.32.3"
::1 - - [09/Aug/2023:07:49:37 +0000] "POST /auth/register HTTP/1.1" 200 26 "-" "PostmanRuntime/7.32.3"
::1 - - [09/Aug/2023:07:51:02 +0000] "POST /auth/register HTTP/1.1" 200 26 "-" "PostmanRuntime/7.32.3"
::1 - - [09/Aug/2023:08:00:19 +0000] "POST /auth/register HTTP/1.1" 200 215 "-" "PostmanRuntime/7.32.3"
::1 - - [09/Aug/2023:08:10:14 +0000] "POST /auth/register HTTP/1.1" 200 244 "-" "PostmanRuntime/7.32.3"
::1 - - [09/Aug/2023:08:15:53 +0000] "POST /auth/register HTTP/1.1" 200 562 "-" "PostmanRuntime/7.32.3"
::1 - - [09/Aug/2023:08:19:31 +0000] "POST /auth/register HTTP/1.1" 200 562 "-" "PostmanRuntime/7.32.3"
::1 - - [09/Aug/2023:08:24:41 +0000] "POST /auth/register HTTP/1.1" 200 482 "-" "PostmanRuntime/7.32.3"
::1 - - [09/Aug/2023:08:29:17 +0000] "POST /auth/login HTTP/1.1" 200 272 "-" "PostmanRuntime/7.32.3"
::1 - - [09/Aug/2023:08:34:23 +0000] "POST /auth/register HTTP/1.1" 200 499 "-" "PostmanRuntime/7.32.3"
::1 - - [09/Aug/2023:08:34:40 +0000] "POST /auth/login HTTP/1.1" 200 266 "-" "PostmanRuntime/7.32.3"
::1 - - [09/Aug/2023:08:34:45 +0000] "POST /auth/login HTTP/1.1" 200 41 "-" "PostmanRuntime/7.32.3"
::1 - - [09/Aug/2023:08:37:04 +0000] "POST /auth/login HTTP/1.1" 200 59 "-" "PostmanRuntime/7.32.3"
::1 - - [09/Aug/2023:08:37:41 +0000] "POST /auth/login HTTP/1.1" 200 59 "-" "PostmanRuntime/7.32.3"
::1 - - [09/Aug/2023:08:51:14 +0000] "POST /auth/login HTTP/1.1" 200 59 "-" "PostmanRuntime/7.32.3"
::1 - - [09/Aug/2023:08:51:30 +0000] "POST /auth/login HTTP/1.1" 200 59 "-" "PostmanRuntime/7.32.3"
::1 - - [09/Aug/2023:08:52:21 +0000] "POST /auth/register HTTP/1.1" - - "-" "PostmanRuntime/7.32.3"
::1 - - [09/Aug/2023:08:52:38 +0000] "POST /auth/register HTTP/1.1" - - "-" "PostmanRuntime/7.32.3"
::1 - - [09/Aug/2023:08:54:23 +0000] "POST /auth/register HTTP/1.1" - - "-" "PostmanRuntime/7.32.3"
::1 - - [09/Aug/2023:09:05:24 +0000] "POST /auth/register HTTP/1.1" 404 126 "-" "PostmanRuntime/7.32.3"
::1 - - [09/Aug/2023:09:05:42 +0000] "POST /auth/register HTTP/1.1" 404 126 "-" "PostmanRuntime/7.32.3"
::1 - - [09/Aug/2023:09:05:49 +0000] "POST /auth/register HTTP/1.1" 404 126 "-" "PostmanRuntime/7.32.3"
::1 - - [09/Aug/2023:09:06:42 +0000] "POST /auth/register HTTP/1.1" - - "-" "PostmanRuntime/7.32.3"
::1 - - [09/Aug/2023:09:07:16 +0000] "POST /auth/register HTTP/1.1" 200 499 "-" "PostmanRuntime/7.32.3"
::1 - - [09/Aug/2023:09:07:21 +0000] "POST /auth/register HTTP/1.1" 200 479 "-" "PostmanRuntime/7.32.3"
::1 - - [09/Aug/2023:09:09:31 +0000] "POST /auth/register HTTP/1.1" 200 499 "-" "PostmanRuntime/7.32.3"
::1 - - [09/Aug/2023:09:09:35 +0000] "POST /auth/register HTTP/1.1" 200 65 "-" "PostmanRuntime/7.32.3"
::1 - - [09/Aug/2023:09:10:14 +0000] "POST /auth/register HTTP/1.1" 200 65 "-" "PostmanRuntime/7.32.3"
::1 - - [09/Aug/2023:09:10:17 +0000] "POST /auth/register HTTP/1.1" 200 65 "-" "PostmanRuntime/7.32.3"
::1 - - [09/Aug/2023:09:11:04 +0000] "POST /auth/register HTTP/1.1" 200 65 "-" "PostmanRuntime/7.32.3"
::1 - - [09/Aug/2023:09:11:10 +0000] "POST /auth/register HTTP/1.1" 200 65 "-" "PostmanRuntime/7.32.3"
::1 - - [09/Aug/2023:09:11:46 +0000] "POST /auth/register HTTP/1.1" 200 65 "-" "PostmanRuntime/7.32.3"
::1 - - [09/Aug/2023:09:12:54 +0000] "POST /auth/register HTTP/1.1" 200 65 "-" "PostmanRuntime/7.32.3"
::1 - - [09/Aug/2023:09:16:07 +0000] "POST /auth/register HTTP/1.1" 200 65 "-" "PostmanRuntime/7.32.3"
::1 - - [09/Aug/2023:09:17:00 +0000] "POST /auth/register HTTP/1.1" 200 65 "-" "PostmanRuntime/7.32.3"
::1 - - [09/Aug/2023:09:18:03 +0000] "POST /auth/register HTTP/1.1" 400 129 "-" "PostmanRuntime/7.32.3"
::1 - - [09/Aug/2023:09:19:16 +0000] "POST /auth/register HTTP/1.1" 400 129 "-" "PostmanRuntime/7.32.3"
::1 - - [09/Aug/2023:09:19:56 +0000] "POST /auth/register HTTP/1.1" 404 126 "-" "PostmanRuntime/7.32.3"
::1 - - [09/Aug/2023:09:22:48 +0000] "POST /auth/register HTTP/1.1" 400 129 "-" "PostmanRuntime/7.32.3"
::1 - - [09/Aug/2023:09:23:47 +0000] "POST /auth/register HTTP/1.1" - - "-" "PostmanRuntime/7.32.3"
::1 - - [09/Aug/2023:09:26:06 +0000] "POST /auth/register HTTP/1.1" 400 129 "-" "PostmanRuntime/7.32.3"
::1 - - [09/Aug/2023:09:26:14 +0000] "POST /auth/register HTTP/1.1" 404 126 "-" "PostmanRuntime/7.32.3"
::1 - - [09/Aug/2023:09:33:04 +0000] "POST /auth/register HTTP/1.1" 400 129 "-" "PostmanRuntime/7.32.3"
::1 - - [09/Aug/2023:09:33:14 +0000] "POST /auth/register HTTP/1.1" 404 126 "-" "PostmanRuntime/7.32.3"
::1 - - [09/Aug/2023:09:54:36 +0000] "POST /auth/register HTTP/1.1" 400 129 "-" "PostmanRuntime/7.32.3"
::1 - - [09/Aug/2023:09:54:44 +0000] "POST /auth/register HTTP/1.1" 404 126 "-" "PostmanRuntime/7.32.3"
::1 - - [09/Aug/2023:09:55:33 +0000] "POST /auth/register HTTP/1.1" 404 126 "-" "PostmanRuntime/7.32.3"
::1 - - [09/Aug/2023:09:57:34 +0000] "POST /auth/register HTTP/1.1" - - "-" "PostmanRuntime/7.32.3"
::1 - - [09/Aug/2023:10:00:19 +0000] "POST /auth/register HTTP/1.1" 400 129 "-" "PostmanRuntime/7.32.3"
::1 - - [09/Aug/2023:10:00:50 +0000] "POST /auth/register HTTP/1.1" - - "-" "PostmanRuntime/7.32.3"
::1 - - [09/Aug/2023:10:02:43 +0000] "POST /auth/register HTTP/1.1" - - "-" "PostmanRuntime/7.32.3"
::1 - - [09/Aug/2023:10:10:17 +0000] "POST /auth/register HTTP/1.1" 400 129 "-" "PostmanRuntime/7.32.3"
::1 - - [09/Aug/2023:10:11:35 +0000] "POST /auth/register HTTP/1.1" - - "-" "PostmanRuntime/7.32.3"
::1 - - [09/Aug/2023:10:12:55 +0000] "POST /auth/register HTTP/1.1" - - "-" "PostmanRuntime/7.32.3"
::1 - - [09/Aug/2023:10:14:12 +0000] "POST /auth/register HTTP/1.1" 200 493 "-" "PostmanRuntime/7.32.3"
::1 - - [09/Aug/2023:10:14:18 +0000] "POST /auth/register HTTP/1.1" 400 129 "-" "PostmanRuntime/7.32.3"
::1 - - [09/Aug/2023:10:15:31 +0000] "POST /auth/login HTTP/1.1" 200 59 "-" "PostmanRuntime/7.32.3"
::1 - - [09/Aug/2023:10:16:48 +0000] "POST /auth/login HTTP/1.1" 400 136 "-" "PostmanRuntime/7.32.3"
::1 - - [09/Aug/2023:10:18:37 +0000] "POST /auth/login HTTP/1.1" 400 125 "-" "PostmanRuntime/7.32.3"
::1 - - [09/Aug/2023:10:18:43 +0000] "POST /auth/login HTTP/1.1" 400 125 "-" "PostmanRuntime/7.32.3"
::1 - - [09/Aug/2023:10:28:42 +0000] "POST /auth/login HTTP/1.1" 400 125 "-" "PostmanRuntime/7.32.3"
::1 - - [09/Aug/2023:10:29:00 +0000] "POST /auth/login HTTP/1.1" 400 125 "-" "PostmanRuntime/7.32.3"
::1 - - [09/Aug/2023:10:29:32 +0000] "POST /auth/login HTTP/1.1" 200 281 "-" "PostmanRuntime/7.32.3"
::1 - - [09/Aug/2023:10:29:58 +0000] "POST /auth/login HTTP/1.1" 400 125 "-" "PostmanRuntime/7.32.3"
::1 - - [09/Aug/2023:10:30:14 +0000] "POST /auth/login HTTP/1.1" 200 284 "-" "PostmanRuntime/7.32.3"
::1 - - [09/Aug/2023:10:46:05 +0000] "GET /auth/student HTTP/1.1" 401 140 "-" "PostmanRuntime/7.32.3"
::1 - - [09/Aug/2023:10:47:30 +0000] "GET /auth/student HTTP/1.1" 200 495 "-" "PostmanRuntime/7.32.3"
::1 - - [09/Aug/2023:10:49:32 +0000] "POST /auth/login HTTP/1.1" 200 281 "-" "PostmanRuntime/7.32.3"
::1 - - [09/Aug/2023:10:50:39 +0000] "GET /auth/tutor HTTP/1.1" 401 140 "-" "PostmanRuntime/7.32.3"
::1 - - [09/Aug/2023:10:50:56 +0000] "GET /auth/tutor HTTP/1.1" 200 489 "-" "PostmanRuntime/7.32.3"
::1 - - [09/Aug/2023:11:13:59 +0000] "POST /tutor/create-course HTTP/1.1" 404 126 "-" "PostmanRuntime/7.32.3"
::1 - - [09/Aug/2023:11:28:53 +0000] "POST /tutor/create-course HTTP/1.1" 404 126 "-" "PostmanRuntime/7.32.3"
::1 - - [09/Aug/2023:11:29:15 +0000] "POST /tutor/create-course HTTP/1.1" 404 126 "-" "PostmanRuntime/7.32.3"
::1 - - [09/Aug/2023:11:31:33 +0000] "POST /tutor/create-course HTTP/1.1" 404 126 "-" "PostmanRuntime/7.32.3"
::1 - - [09/Aug/2023:11:33:26 +0000] "POST /tutor/create-course HTTP/1.1" 404 126 "-" "PostmanRuntime/7.32.3"
::1 - - [09/Aug/2023:11:34:01 +0000] "GET /auth/tutor HTTP/1.1" 200 502 "-" "PostmanRuntime/7.32.3"
::1 - - [09/Aug/2023:11:39:00 +0000] "POST /tutor/create-course HTTP/1.1" 404 126 "-" "PostmanRuntime/7.32.3"
::1 - - [09/Aug/2023:11:40:45 +0000] "POST /tutor/create-course HTTP/1.1" 404 126 "-" "PostmanRuntime/7.32.3"
::1 - - [09/Aug/2023:11:44:02 +0000] "POST /tutor/create-course HTTP/1.1" 200 686 "-" "PostmanRuntime/7.32.3"
::1 - - [09/Aug/2023:11:46:42 +0000] "GET /tutor/tutor-courses HTTP/1.1" 200 678 "-" "PostmanRuntime/7.32.3"
::1 - - [09/Aug/2023:12:01:15 +0000] "POST /tutor/create-course HTTP/1.1" 200 538 "-" "PostmanRuntime/7.32.3"
::1 - - [09/Aug/2023:12:01:42 +0000] "POST /tutor/create-course HTTP/1.1" 200 565 "-" "PostmanRuntime/7.32.3"
::1 - - [09/Aug/2023:12:01:54 +0000] "GET /tutor/tutor-courses HTTP/1.1" 200 557 "-" "PostmanRuntime/7.32.3"
::1 - - [09/Aug/2023:12:04:07 +0000] "GET /tutor/tutor-courses HTTP/1.1" 200 408 "-" "PostmanRuntime/7.32.3"
::1 - - [09/Aug/2023:12:22:00 +0000] "GET /auth/student HTTP/1.1" 200 495 "-" "PostmanRuntime/7.32.3"
::1 - - [09/Aug/2023:12:28:40 +0000] "GET /student/pay-tutor HTTP/1.1" 404 126 "-" "PostmanRuntime/7.32.3"
::1 - - [09/Aug/2023:13:14:29 +0000] "POST /student/payment-access HTTP/1.1" 404 126 "-" "PostmanRuntime/7.32.3"
::1 - - [09/Aug/2023:13:17:01 +0000] "POST /student/payment-access HTTP/1.1" 404 126 "-" "PostmanRuntime/7.32.3"
::1 - - [09/Aug/2023:13:22:05 +0000] "POST /student/payment-access HTTP/1.1" 401 140 "-" "PostmanRuntime/7.32.3"
::1 - - [09/Aug/2023:13:23:36 +0000] "GET /auth/student HTTP/1.1" 404 126 "-" "PostmanRuntime/7.32.3"
::1 - - [09/Aug/2023:13:25:03 +0000] "GET /student/ HTTP/1.1" 200 495 "-" "PostmanRuntime/7.32.3"
::1 - - [09/Aug/2023:13:25:16 +0000] "POST /student/payment-access HTTP/1.1" 200 145 "-" "PostmanRuntime/7.32.3"
::1 - - [09/Aug/2023:14:42:28 +0000] "POST /student/payment-access HTTP/1.1" 200 119 "-" "PostmanRuntime/7.32.3"
::1 - - [09/Aug/2023:15:10:09 +0000] "POST /student/pay-tutor HTTP/1.1" 404 126 "-" "PostmanRuntime/7.32.3"
::1 - - [09/Aug/2023:15:15:20 +0000] "POST /student/pay-tutor HTTP/1.1" 400 454 "-" "PostmanRuntime/7.32.3"
::1 - - [09/Aug/2023:15:19:44 +0000] "POST /student/pay-tutor HTTP/1.1" 400 456 "-" "PostmanRuntime/7.32.3"
::1 - - [09/Aug/2023:15:24:38 +0000] "POST /student/pay-tutor HTTP/1.1" 400 450 "-" "PostmanRuntime/7.32.3"
::1 - - [09/Aug/2023:15:25:26 +0000] "POST /student/pay-tutor HTTP/1.1" 400 146 "-" "PostmanRuntime/7.32.3"
::1 - - [09/Aug/2023:15:27:17 +0000] "POST /student/pay-tutor HTTP/1.1" 400 155 "-" "PostmanRuntime/7.32.3"
::1 - - [09/Aug/2023:15:31:29 +0000] "POST /student/pay-tutor HTTP/1.1" 200 119 "-" "PostmanRuntime/7.32.3"
